<?xml version="1.0" encoding="UTF-8"?>
<!-- Generated by org.testng.reporters.JUnitReportReporter -->
<testsuite skipped="0" hostname="ginger-Lenovo-H50-50" name="com.allendsat.scripts.PercentageAndRankTest" tests="1" failures="0" timestamp="29 Dec 2018 11:14:56 GMT" time="92.022" errors="0">
  <testcase name="dashboardRankAndPerc" time="92.022" classname="com.allendsat.scripts.PercentageAndRankTest"/>
</testsuite> <!-- com.allendsat.scripts.PercentageAndRankTest -->
