<?xml version="1.0" encoding="UTF-8"?>
<!-- Generated by org.testng.reporters.JUnitReportReporter -->
<testsuite skipped="0" hostname="ginger-Lenovo-H50-50" name="com.allendsat.scripts.NeetUGFromTest" tests="1" failures="0" timestamp="22 Apr 2019 09:21:31 GMT" time="89.152" errors="0">
  <testcase name="verifyNeetUG" time="89.152" classname="com.allendsat.scripts.NeetUGFromTest"/>
</testsuite> <!-- com.allendsat.scripts.NeetUGFromTest -->
