<?xml version="1.0" encoding="UTF-8"?>
<!-- Generated by org.testng.reporters.JUnitReportReporter -->
<testsuite skipped="0" hostname="DESKTOP-DTHFC9P" name="com.allendsat.scripts.StudentLoginTest" tests="1" failures="0" timestamp="2021-03-09T19:07:03 IST" time="42.042" errors="0">
  <testcase name="studentLogin" time="42.042" classname="com.allendsat.scripts.StudentLoginTest"/>
  <system-out>

                  ==========================================================
                      Test is Executed on student Panel at Live server
                  ==========================================================
  </system-out>
</testsuite> <!-- com.allendsat.scripts.StudentLoginTest -->
