<?xml version="1.0" encoding="UTF-8"?>
<!-- Generated by org.testng.reporters.JUnitReportReporter -->
<testsuite skipped="0" hostname="DESKTOP-DTHFC9P" name="com.allenplus.scripts.StartTest" tests="1" failures="0" timestamp="2021-12-02T13:21:13 IST" time="40.769" errors="0">
  <testcase name="TestStartTest" time="40.769" classname="com.allenplus.scripts.StartTest"/>
  <system-out>

                  ==========================================================
                      Test is Executed on student Panel at QA server
                  ==========================================================
  </system-out>
</testsuite> <!-- com.allenplus.scripts.StartTest -->
