<?xml version="1.0" encoding="UTF-8"?>
<!-- Generated by org.testng.reporters.JUnitReportReporter -->
<testsuite skipped="0" hostname="DESKTOP-DTHFC9P" name="com.allenplus.scripts.StudentLoginTest" tests="1" failures="0" timestamp="2021-11-26T12:12:00 IST" time="42.529" errors="0">
  <testcase name="studentLogin" time="42.529" classname="com.allenplus.scripts.StudentLoginTest"/>
  <system-out>

                  ==========================================================
                      Test is Executed on student Panel at QA server
                  ==========================================================
  </system-out>
</testsuite> <!-- com.allenplus.scripts.StudentLoginTest -->
